[2025-12-24 12:39:02,905] INFO in app: TBIB startup
 * Serving Flask app 'app'
 * Debug mode: on
[31m[1mWARNING: This is a development server. Do not use it in a production deployment. Use a production WSGI server instead.[0m
 * Running on all addresses (0.0.0.0)
 * Running on http://127.0.0.1:5001
 * Running on http://192.168.0.2:5001
[33mPress CTRL+C to quit[0m
 * Restarting with stat
[2025-12-24 12:39:03,864] INFO in app: TBIB startup
 * Debugger is active!
 * Debugger PIN: 435-484-703
127.0.0.1 - - [24/Dec/2025 12:39:34] "[32mGET /doctor/dashboard HTTP/1.1[0m" 302 -
127.0.0.1 - - [24/Dec/2025 12:39:34] "GET /login?next=/doctor/dashboard HTTP/1.1" 200 -
127.0.0.1 - - [24/Dec/2025 12:39:34] "GET /static/img/logo_final.png HTTP/1.1" 200 -
127.0.0.1 - - [24/Dec/2025 12:39:34] "GET /static/css/style.css HTTP/1.1" 200 -
127.0.0.1 - - [24/Dec/2025 12:39:34] "GET /static/img/logo_accueil.png HTTP/1.1" 200 -
127.0.0.1 - - [24/Dec/2025 12:39:34] "GET /register HTTP/1.1" 200 -
127.0.0.1 - - [24/Dec/2025 12:39:35] "GET /static/img/logo_final.png HTTP/1.1" 200 -
127.0.0.1 - - [24/Dec/2025 12:39:35] "GET /static/css/style.css HTTP/1.1" 200 -
127.0.0.1 - - [24/Dec/2025 12:39:35] "GET /static/img/logo_accueil.png HTTP/1.1" 200 -
127.0.0.1 - - [24/Dec/2025 12:39:37] "[35m[1mPOST /register HTTP/1.1[0m" 500 -
Traceback (most recent call last):
  File "/app/TBIB/.venv/lib/python3.12/site-packages/sqlalchemy/engine/base.py", line 1967, in _exec_single_context
    self.dialect.do_execute(
  File "/app/TBIB/.venv/lib/python3.12/site-packages/sqlalchemy/engine/default.py", line 952, in do_execute
    cursor.execute(statement, parameters)
sqlite3.OperationalError: no such table: users

The above exception was the direct cause of the following exception:

Traceback (most recent call last):
  File "/app/TBIB/.venv/lib/python3.12/site-packages/flask/app.py", line 1536, in __call__
    return self.wsgi_app(environ, start_response)
           ^^^^^^^^^^^^^^^^^^^^^^^^^^^^^^^^^^^^^^
  File "/app/TBIB/.venv/lib/python3.12/site-packages/flask/app.py", line 1514, in wsgi_app
    response = self.handle_exception(e)
               ^^^^^^^^^^^^^^^^^^^^^^^^
  File "/app/TBIB/.venv/lib/python3.12/site-packages/flask/app.py", line 1511, in wsgi_app
    response = self.full_dispatch_request()
               ^^^^^^^^^^^^^^^^^^^^^^^^^^^^
  File "/app/TBIB/.venv/lib/python3.12/site-packages/flask/app.py", line 919, in full_dispatch_request
    rv = self.handle_user_exception(e)
         ^^^^^^^^^^^^^^^^^^^^^^^^^^^^^
  File "/app/TBIB/.venv/lib/python3.12/site-packages/flask/app.py", line 917, in full_dispatch_request
    rv = self.dispatch_request()
         ^^^^^^^^^^^^^^^^^^^^^^^
  File "/app/TBIB/.venv/lib/python3.12/site-packages/flask/app.py", line 902, in dispatch_request
    return self.ensure_sync(self.view_functions[rule.endpoint])(**view_args)  # type: ignore[no-any-return]
           ^^^^^^^^^^^^^^^^^^^^^^^^^^^^^^^^^^^^^^^^^^^^^^^^^^^^^^^^^^^^^^^^^^^^^^^^^^^^^^^^^^^^^^^^^^^^^^^^
  File "/app/TBIB/routes.py", line 297, in register
    if User.query.filter_by(email=email).first():
       ^^^^^^^^^^^^^^^^^^^^^^^^^^^^^^^^^^^^^^^^^^
  File "/app/TBIB/.venv/lib/python3.12/site-packages/sqlalchemy/orm/query.py", line 2759, in first
    return self.limit(1)._iter().first()  # type: ignore
           ^^^^^^^^^^^^^^^^^^^^^^^^^^^^^^^^^^^^^^^^^^^^^
  File "/app/TBIB/.venv/lib/python3.12/site-packages/sqlalchemy/orm/query.py", line 2857, in _iter
    result: Union[ScalarResult[_T], Result[_T]] = self.session.execute(
                                                  ^^^^^^^^^^^^^^^^^^^^^
  File "/app/TBIB/.venv/lib/python3.12/site-packages/sqlalchemy/orm/session.py", line 2351, in execute
    return self._execute_internal(
           ^^^^^^^^^^^^^^^^^^^^^^^
  File "/app/TBIB/.venv/lib/python3.12/site-packages/sqlalchemy/orm/session.py", line 2249, in _execute_internal
    result: Result[Any] = compile_state_cls.orm_execute_statement(
                          ^^^^^^^^^^^^^^^^^^^^^^^^^^^^^^^^^^^^^^^^
  File "/app/TBIB/.venv/lib/python3.12/site-packages/sqlalchemy/orm/context.py", line 306, in orm_execute_statement
    result = conn.execute(
             ^^^^^^^^^^^^^
  File "/app/TBIB/.venv/lib/python3.12/site-packages/sqlalchemy/engine/base.py", line 1419, in execute
    return meth(
           ^^^^^
  File "/app/TBIB/.venv/lib/python3.12/site-packages/sqlalchemy/sql/elements.py", line 527, in _execute_on_connection
    return connection._execute_clauseelement(
           ^^^^^^^^^^^^^^^^^^^^^^^^^^^^^^^^^^
  File "/app/TBIB/.venv/lib/python3.12/site-packages/sqlalchemy/engine/base.py", line 1641, in _execute_clauseelement
    ret = self._execute_context(
          ^^^^^^^^^^^^^^^^^^^^^^
  File "/app/TBIB/.venv/lib/python3.12/site-packages/sqlalchemy/engine/base.py", line 1846, in _execute_context
    return self._exec_single_context(
           ^^^^^^^^^^^^^^^^^^^^^^^^^^
  File "/app/TBIB/.venv/lib/python3.12/site-packages/sqlalchemy/engine/base.py", line 1986, in _exec_single_context
    self._handle_dbapi_exception(
  File "/app/TBIB/.venv/lib/python3.12/site-packages/sqlalchemy/engine/base.py", line 2363, in _handle_dbapi_exception
    raise sqlalchemy_exception.with_traceback(exc_info[2]) from e
  File "/app/TBIB/.venv/lib/python3.12/site-packages/sqlalchemy/engine/base.py", line 1967, in _exec_single_context
    self.dialect.do_execute(
  File "/app/TBIB/.venv/lib/python3.12/site-packages/sqlalchemy/engine/default.py", line 952, in do_execute
    cursor.execute(statement, parameters)
sqlalchemy.exc.OperationalError: (sqlite3.OperationalError) no such table: users
[SQL: SELECT users.id AS users_id, users.email AS users_email, users.password_hash AS users_password_hash, users.role AS users_role, users.name AS users_name, users.phone AS users_phone, users.birth_date AS users_birth_date, users.gender AS users_gender, users.address AS users_address, users.city AS users_city, users.created_at AS users_created_at, users.no_show_count AS users_no_show_count, users.is_blocked AS users_is_blocked
FROM users
WHERE users.email = ?
 LIMIT ? OFFSET ?]
[parameters: ('doctor@test.com', 1, 0)]
(Background on this error at: https://sqlalche.me/e/20/e3q8)
127.0.0.1 - - [24/Dec/2025 12:39:37] "GET /register?__debugger__=yes&cmd=resource&f=debugger.js HTTP/1.1" 200 -
127.0.0.1 - - [24/Dec/2025 12:39:37] "GET /register?__debugger__=yes&cmd=resource&f=style.css HTTP/1.1" 200 -
127.0.0.1 - - [24/Dec/2025 12:39:37] "GET /register?__debugger__=yes&cmd=resource&f=console.png&s=rkiDF6KV4gHWUVzXJFCQ HTTP/1.1" 200 -
127.0.0.1 - - [24/Dec/2025 12:39:38] "[32mGET /doctor/dashboard HTTP/1.1[0m" 302 -
127.0.0.1 - - [24/Dec/2025 12:39:38] "GET /login?next=/doctor/dashboard HTTP/1.1" 200 -
127.0.0.1 - - [24/Dec/2025 12:39:38] "GET /static/img/logo_accueil.png HTTP/1.1" 200 -
127.0.0.1 - - [24/Dec/2025 12:39:38] "GET /static/img/logo_final.png HTTP/1.1" 200 -
127.0.0.1 - - [24/Dec/2025 12:39:38] "GET /static/css/style.css HTTP/1.1" 200 -
127.0.0.1 - - [24/Dec/2025 12:40:07] "GET /login HTTP/1.1" 200 -
127.0.0.1 - - [24/Dec/2025 12:40:07] "GET /static/css/style.css HTTP/1.1" 200 -
127.0.0.1 - - [24/Dec/2025 12:40:07] "GET /static/img/logo_accueil.png HTTP/1.1" 200 -
127.0.0.1 - - [24/Dec/2025 12:40:07] "GET /static/img/logo_final.png HTTP/1.1" 200 -
127.0.0.1 - - [24/Dec/2025 12:40:09] "[35m[1mPOST /login HTTP/1.1[0m" 500 -
Traceback (most recent call last):
  File "/app/TBIB/.venv/lib/python3.12/site-packages/sqlalchemy/engine/base.py", line 1967, in _exec_single_context
    self.dialect.do_execute(
  File "/app/TBIB/.venv/lib/python3.12/site-packages/sqlalchemy/engine/default.py", line 952, in do_execute
    cursor.execute(statement, parameters)
sqlite3.OperationalError: no such table: users

The above exception was the direct cause of the following exception:

Traceback (most recent call last):
  File "/app/TBIB/.venv/lib/python3.12/site-packages/flask/app.py", line 1536, in __call__
    return self.wsgi_app(environ, start_response)
           ^^^^^^^^^^^^^^^^^^^^^^^^^^^^^^^^^^^^^^
  File "/app/TBIB/.venv/lib/python3.12/site-packages/flask/app.py", line 1514, in wsgi_app
    response = self.handle_exception(e)
               ^^^^^^^^^^^^^^^^^^^^^^^^
  File "/app/TBIB/.venv/lib/python3.12/site-packages/flask/app.py", line 1511, in wsgi_app
    response = self.full_dispatch_request()
               ^^^^^^^^^^^^^^^^^^^^^^^^^^^^
  File "/app/TBIB/.venv/lib/python3.12/site-packages/flask/app.py", line 919, in full_dispatch_request
    rv = self.handle_user_exception(e)
         ^^^^^^^^^^^^^^^^^^^^^^^^^^^^^
  File "/app/TBIB/.venv/lib/python3.12/site-packages/flask/app.py", line 917, in full_dispatch_request
    rv = self.dispatch_request()
         ^^^^^^^^^^^^^^^^^^^^^^^
  File "/app/TBIB/.venv/lib/python3.12/site-packages/flask/app.py", line 902, in dispatch_request
    return self.ensure_sync(self.view_functions[rule.endpoint])(**view_args)  # type: ignore[no-any-return]
           ^^^^^^^^^^^^^^^^^^^^^^^^^^^^^^^^^^^^^^^^^^^^^^^^^^^^^^^^^^^^^^^^^^^^^^^^^^^^^^^^^^^^^^^^^^^^^^^^
  File "/app/TBIB/routes.py", line 270, in login
    user = User.query.filter_by(email=email).first()
           ^^^^^^^^^^^^^^^^^^^^^^^^^^^^^^^^^^^^^^^^^
  File "/app/TBIB/.venv/lib/python3.12/site-packages/sqlalchemy/orm/query.py", line 2759, in first
    return self.limit(1)._iter().first()  # type: ignore
           ^^^^^^^^^^^^^^^^^^^^^^^^^^^^^^^^^^^^^^^^^^^^^
  File "/app/TBIB/.venv/lib/python3.12/site-packages/sqlalchemy/orm/query.py", line 2857, in _iter
    result: Union[ScalarResult[_T], Result[_T]] = self.session.execute(
                                                  ^^^^^^^^^^^^^^^^^^^^^
  File "/app/TBIB/.venv/lib/python3.12/site-packages/sqlalchemy/orm/session.py", line 2351, in execute
    return self._execute_internal(
           ^^^^^^^^^^^^^^^^^^^^^^^
  File "/app/TBIB/.venv/lib/python3.12/site-packages/sqlalchemy/orm/session.py", line 2249, in _execute_internal
    result: Result[Any] = compile_state_cls.orm_execute_statement(
                          ^^^^^^^^^^^^^^^^^^^^^^^^^^^^^^^^^^^^^^^^
  File "/app/TBIB/.venv/lib/python3.12/site-packages/sqlalchemy/orm/context.py", line 306, in orm_execute_statement
    result = conn.execute(
             ^^^^^^^^^^^^^
  File "/app/TBIB/.venv/lib/python3.12/site-packages/sqlalchemy/engine/base.py", line 1419, in execute
    return meth(
           ^^^^^
  File "/app/TBIB/.venv/lib/python3.12/site-packages/sqlalchemy/sql/elements.py", line 527, in _execute_on_connection
    return connection._execute_clauseelement(
           ^^^^^^^^^^^^^^^^^^^^^^^^^^^^^^^^^^
  File "/app/TBIB/.venv/lib/python3.12/site-packages/sqlalchemy/engine/base.py", line 1641, in _execute_clauseelement
    ret = self._execute_context(
          ^^^^^^^^^^^^^^^^^^^^^^
  File "/app/TBIB/.venv/lib/python3.12/site-packages/sqlalchemy/engine/base.py", line 1846, in _execute_context
    return self._exec_single_context(
           ^^^^^^^^^^^^^^^^^^^^^^^^^^
  File "/app/TBIB/.venv/lib/python3.12/site-packages/sqlalchemy/engine/base.py", line 1986, in _exec_single_context
    self._handle_dbapi_exception(
  File "/app/TBIB/.venv/lib/python3.12/site-packages/sqlalchemy/engine/base.py", line 2363, in _handle_dbapi_exception
    raise sqlalchemy_exception.with_traceback(exc_info[2]) from e
  File "/app/TBIB/.venv/lib/python3.12/site-packages/sqlalchemy/engine/base.py", line 1967, in _exec_single_context
    self.dialect.do_execute(
  File "/app/TBIB/.venv/lib/python3.12/site-packages/sqlalchemy/engine/default.py", line 952, in do_execute
    cursor.execute(statement, parameters)
sqlalchemy.exc.OperationalError: (sqlite3.OperationalError) no such table: users
[SQL: SELECT users.id AS users_id, users.email AS users_email, users.password_hash AS users_password_hash, users.role AS users_role, users.name AS users_name, users.phone AS users_phone, users.birth_date AS users_birth_date, users.gender AS users_gender, users.address AS users_address, users.city AS users_city, users.created_at AS users_created_at, users.no_show_count AS users_no_show_count, users.is_blocked AS users_is_blocked
FROM users
WHERE users.email = ?
 LIMIT ? OFFSET ?]
[parameters: ('doc@tbib.dz', 1, 0)]
(Background on this error at: https://sqlalche.me/e/20/e3q8)
127.0.0.1 - - [24/Dec/2025 12:40:09] "GET /login?__debugger__=yes&cmd=resource&f=style.css HTTP/1.1" 200 -
127.0.0.1 - - [24/Dec/2025 12:40:09] "GET /login?__debugger__=yes&cmd=resource&f=debugger.js HTTP/1.1" 200 -
127.0.0.1 - - [24/Dec/2025 12:40:09] "GET /login?__debugger__=yes&cmd=resource&f=console.png&s=rkiDF6KV4gHWUVzXJFCQ HTTP/1.1" 200 -
127.0.0.1 - - [24/Dec/2025 12:40:09] "[32mGET /doctor/dashboard HTTP/1.1[0m" 302 -
127.0.0.1 - - [24/Dec/2025 12:40:09] "GET /login?next=/doctor/dashboard HTTP/1.1" 200 -
127.0.0.1 - - [24/Dec/2025 12:40:09] "GET /static/img/logo_accueil.png HTTP/1.1" 200 -
127.0.0.1 - - [24/Dec/2025 12:40:09] "GET /static/css/style.css HTTP/1.1" 200 -
127.0.0.1 - - [24/Dec/2025 12:40:09] "GET /static/img/logo_final.png HTTP/1.1" 200 -
127.0.0.1 - - [24/Dec/2025 12:40:45] "GET /login HTTP/1.1" 200 -
127.0.0.1 - - [24/Dec/2025 12:40:45] "GET /static/css/style.css HTTP/1.1" 200 -
127.0.0.1 - - [24/Dec/2025 12:40:45] "GET /static/img/logo_accueil.png HTTP/1.1" 200 -
127.0.0.1 - - [24/Dec/2025 12:40:45] "GET /static/img/logo_final.png HTTP/1.1" 200 -
127.0.0.1 - - [24/Dec/2025 12:40:46] "POST /login HTTP/1.1" 200 -
127.0.0.1 - - [24/Dec/2025 12:40:46] "GET /static/img/logo_accueil.png HTTP/1.1" 200 -
127.0.0.1 - - [24/Dec/2025 12:40:46] "GET /static/css/style.css HTTP/1.1" 200 -
127.0.0.1 - - [24/Dec/2025 12:40:46] "GET /static/img/logo_final.png HTTP/1.1" 200 -
127.0.0.1 - - [24/Dec/2025 12:40:47] "[32mGET /doctor/dashboard HTTP/1.1[0m" 302 -
127.0.0.1 - - [24/Dec/2025 12:40:47] "GET /login?next=/doctor/dashboard HTTP/1.1" 200 -
127.0.0.1 - - [24/Dec/2025 12:40:47] "GET /static/css/style.css HTTP/1.1" 200 -
127.0.0.1 - - [24/Dec/2025 12:40:47] "GET /static/img/logo_accueil.png HTTP/1.1" 200 -
127.0.0.1 - - [24/Dec/2025 12:40:47] "GET /static/img/logo_final.png HTTP/1.1" 200 -
127.0.0.1 - - [24/Dec/2025 12:41:10] "GET /login HTTP/1.1" 200 -
127.0.0.1 - - [24/Dec/2025 12:41:10] "GET /static/css/style.css HTTP/1.1" 200 -
127.0.0.1 - - [24/Dec/2025 12:41:10] "GET /static/img/logo_accueil.png HTTP/1.1" 200 -
127.0.0.1 - - [24/Dec/2025 12:41:10] "GET /static/img/logo_final.png HTTP/1.1" 200 -
127.0.0.1 - - [24/Dec/2025 12:41:12] "[32mPOST /login HTTP/1.1[0m" 302 -
[2025-12-24 12:41:12,570] INFO in routes: Dashboard access by Doctor 1
127.0.0.1 - - [24/Dec/2025 12:41:12] "GET /doctor/dashboard HTTP/1.1" 200 -
127.0.0.1 - - [24/Dec/2025 12:41:12] "GET /static/css/style.css HTTP/1.1" 200 -
127.0.0.1 - - [24/Dec/2025 12:41:12] "GET /static/img/logo_final.png HTTP/1.1" 200 -
127.0.0.1 - - [24/Dec/2025 12:41:12] "GET /api/doctor/appointments?start=2025-12-21T00:00:00Z&end=2025-12-28T00:00:00Z HTTP/1.1" 200 -
127.0.0.1 - - [24/Dec/2025 12:46:08] "GET /login HTTP/1.1" 200 -
127.0.0.1 - - [24/Dec/2025 12:46:08] "GET /static/css/style.css HTTP/1.1" 200 -
127.0.0.1 - - [24/Dec/2025 12:46:08] "GET /static/img/logo_accueil.png HTTP/1.1" 200 -
127.0.0.1 - - [24/Dec/2025 12:46:08] "GET /static/img/logo_final.png HTTP/1.1" 200 -
127.0.0.1 - - [24/Dec/2025 12:46:10] "[32mPOST /login HTTP/1.1[0m" 302 -
[2025-12-24 12:46:10,689] INFO in routes: Dashboard access by Doctor 1
127.0.0.1 - - [24/Dec/2025 12:46:10] "GET /doctor/dashboard HTTP/1.1" 200 -
127.0.0.1 - - [24/Dec/2025 12:46:10] "GET /static/css/style.css HTTP/1.1" 200 -
127.0.0.1 - - [24/Dec/2025 12:46:10] "GET /static/img/logo_final.png HTTP/1.1" 200 -
127.0.0.1 - - [24/Dec/2025 12:46:10] "GET /api/doctor/appointments?start=2025-12-21T00:00:00Z&end=2025-12-28T00:00:00Z HTTP/1.1" 200 -
127.0.0.1 - - [24/Dec/2025 12:46:11] "GET /dashboard HTTP/1.1" 200 -
127.0.0.1 - - [24/Dec/2025 12:46:11] "GET /static/img/logo_final.png HTTP/1.1" 200 -
127.0.0.1 - - [24/Dec/2025 12:46:11] "GET /static/css/style.css HTTP/1.1" 200 -
